
May 18, 2018 16:40:13.30 NEW SESSION
May 18, 2018 16:40:13.30 [5664:9788:0518/164013.306:ERROR:in_progress_cache_impl.cc(93)] Could not read download entries from file because there was a read failure.
May 18, 2018 16:40:13.36 [5664:6476:0518/164013.368:ERROR:in_progress_cache_impl.cc(189)] Cache is not initialized, cannot RetrieveEntry.
May 18, 2018 16:40:13.36 [5664:6476:0518/164013.368:ERROR:in_progress_cache_impl.cc(189)] Cache is not initialized, cannot RetrieveEntry.
May 18, 2018 16:40:13.36 [5664:6476:0518/164013.368:ERROR:in_progress_cache_impl.cc(189)] Cache is not initialized, cannot RetrieveEntry.
May 18, 2018 16:40:13.36 [5664:6476:0518/164013.368:ERROR:in_progress_cache_impl.cc(189)] Cache is not initialized, cannot RetrieveEntry.
May 18, 2018 16:40:13.37 [5664:6476:0518/164013.368:ERROR:in_progress_cache_impl.cc(189)] Cache is not initialized, cannot RetrieveEntry.
May 18, 2018 16:40:13.37 [5664:6476:0518/164013.368:ERROR:in_progress_cache_impl.cc(189)] Cache is not initialized, cannot RetrieveEntry.
May 18, 2018 16:40:13.37 [5664:6476:0518/164013.368:ERROR:in_progress_cache_impl.cc(189)] Cache is not initialized, cannot RetrieveEntry.
May 18, 2018 16:40:13.37 [5664:6476:0518/164013.368:ERROR:in_progress_cache_impl.cc(189)] Cache is not initialized, cannot RetrieveEntry.
May 18, 2018 16:40:13.37 [5664:6476:0518/164013.368:ERROR:in_progress_cache_impl.cc(189)] Cache is not initialized, cannot RetrieveEntry.
May 18, 2018 16:40:13.37 [5664:6476:0518/164013.368:ERROR:in_progress_cache_impl.cc(189)] Cache is not initialized, cannot RetrieveEntry.
May 18, 2018 16:40:13.37 [5664:6476:0518/164013.368:ERROR:in_progress_cache_impl.cc(189)] Cache is not initialized, cannot RetrieveEntry.
May 18, 2018 16:40:13.37 [5664:6476:0518/164013.368:ERROR:in_progress_cache_impl.cc(189)] Cache is not initialized, cannot RetrieveEntry.
May 18, 2018 16:40:13.37 [5664:6476:0518/164013.368:ERROR:in_progress_cache_impl.cc(189)] Cache is not initialized, cannot RetrieveEntry.
May 18, 2018 16:40:13.37 [5664:6476:0518/164013.368:ERROR:in_progress_cache_impl.cc(189)] Cache is not initialized, cannot RetrieveEntry.
May 18, 2018 16:40:13.37 [5664:6476:0518/164013.368:ERROR:in_progress_cache_impl.cc(189)] Cache is not initialized, cannot RetrieveEntry.
May 18, 2018 16:40:13.37 [5664:6476:0518/164013.368:ERROR:in_progress_cache_impl.cc(189)] Cache is not initialized, cannot RetrieveEntry.
May 18, 2018 16:40:13.38 [5664:6476:0518/164013.368:ERROR:in_progress_cache_impl.cc(189)] Cache is not initialized, cannot RetrieveEntry.
May 18, 2018 16:40:13.38 [5664:6476:0518/164013.368:ERROR:in_progress_cache_impl.cc(189)] Cache is not initialized, cannot RetrieveEntry.
May 18, 2018 16:40:13.38 [5664:6476:0518/164013.368:ERROR:in_progress_cache_impl.cc(189)] Cache is not initialized, cannot RetrieveEntry.
May 18, 2018 16:40:13.38 [5664:6476:0518/164013.368:ERROR:in_progress_cache_impl.cc(189)] Cache is not initialized, cannot RetrieveEntry.
May 18, 2018 16:40:13.38 [5664:6476:0518/164013.368:ERROR:in_progress_cache_impl.cc(189)] Cache is not initialized, cannot RetrieveEntry.
May 18, 2018 16:40:13.38 [5664:6476:0518/164013.368:ERROR:in_progress_cache_impl.cc(189)] Cache is not initialized, cannot RetrieveEntry.
May 18, 2018 16:40:13.38 [5664:6476:0518/164013.368:ERROR:in_progress_cache_impl.cc(189)] Cache is not initialized, cannot RetrieveEntry.
May 18, 2018 16:40:13.38 [5664:6476:0518/164013.368:ERROR:in_progress_cache_impl.cc(189)] Cache is not initialized, cannot RetrieveEntry.
May 18, 2018 16:40:13.40 [5664:6476:0518/164013.368:ERROR:in_progress_cache_impl.cc(189)] Cache is not initialized, cannot RetrieveEntry.
May 18, 2018 16:40:13.40 [5664:6476:0518/164013.368:ERROR:in_progress_cache_impl.cc(189)] Cache is not initialized, cannot RetrieveEntry.
May 18, 2018 16:40:13.41 [5664:6476:0518/164013.368:ERROR:in_progress_cache_impl.cc(189)] Cache is not initialized, cannot RetrieveEntry.
May 18, 2018 16:40:13.41 [5664:6476:0518/164013.368:ERROR:in_progress_cache_impl.cc(189)] Cache is not initialized, cannot RetrieveEntry.
May 18, 2018 16:40:13.41 [5664:6476:0518/164013.368:ERROR:in_progress_cache_impl.cc(189)] Cache is not initialized, cannot RetrieveEntry.
May 18, 2018 16:59:38.21 [7556:9288:0518/165938.189:ERROR:in_progress_cache_impl.cc(189)] Cache is not initialized, cannot RetrieveEntry.
May 18, 2018 16:59:38.21 [7556:9288:0518/165938.189:ERROR:in_progress_cache_impl.cc(189)] Cache is not initialized, cannot RetrieveEntry.
May 18, 2018 16:59:38.21 [7556:9288:0518/165938.189:ERROR:in_progress_cache_impl.cc(189)] Cache is not initialized, cannot RetrieveEntry.
May 18, 2018 16:59:38.21 [7556:9288:0518/165938.189:ERROR:in_progress_cache_impl.cc(189)] Cache is not initialized, cannot RetrieveEntry.
May 18, 2018 16:59:38.21 [7556:9288:0518/165938.189:ERROR:in_progress_cache_impl.cc(189)] Cache is not initialized, cannot RetrieveEntry.
May 18, 2018 16:59:38.21 [7556:9288:0518/165938.189:ERROR:in_progress_cache_impl.cc(189)] Cache is not initialized, cannot RetrieveEntry.
May 18, 2018 16:59:38.21 [7556:9288:0518/165938.189:ERROR:in_progress_cache_impl.cc(189)] Cache is not initialized, cannot RetrieveEntry.
May 18, 2018 16:59:38.21 [7556:9288:0518/165938.189:ERROR:in_progress_cache_impl.cc(189)] Cache is not initialized, cannot RetrieveEntry.
May 18, 2018 16:59:38.21 [7556:9288:0518/165938.189:ERROR:in_progress_cache_impl.cc(189)] Cache is not initialized, cannot RetrieveEntry.
May 18, 2018 16:59:38.21 [7556:9288:0518/165938.189:ERROR:in_progress_cache_impl.cc(189)] Cache is not initialized, cannot RetrieveEntry.
May 18, 2018 16:59:38.21 [7556:9288:0518/165938.189:ERROR:in_progress_cache_impl.cc(189)] Cache is not initialized, cannot RetrieveEntry.
May 18, 2018 16:59:38.21 [7556:9288:0518/165938.189:ERROR:in_progress_cache_impl.cc(189)] Cache is not initialized, cannot RetrieveEntry.
May 18, 2018 16:59:38.21 [7556:9288:0518/165938.189:ERROR:in_progress_cache_impl.cc(189)] Cache is not initialized, cannot RetrieveEntry.
May 18, 2018 16:59:38.21 [7556:9288:0518/165938.189:ERROR:in_progress_cache_impl.cc(189)] Cache is not initialized, cannot RetrieveEntry.
May 18, 2018 16:59:38.21 [7556:9288:0518/165938.189:ERROR:in_progress_cache_impl.cc(189)] Cache is not initialized, cannot RetrieveEntry.
May 18, 2018 16:59:38.21 [7556:9288:0518/165938.189:ERROR:in_progress_cache_impl.cc(189)] Cache is not initialized, cannot RetrieveEntry.
May 18, 2018 16:59:38.21 [7556:9288:0518/165938.189:ERROR:in_progress_cache_impl.cc(189)] Cache is not initialized, cannot RetrieveEntry.
May 18, 2018 16:59:38.21 [7556:9288:0518/165938.189:ERROR:in_progress_cache_impl.cc(189)] Cache is not initialized, cannot RetrieveEntry.
May 18, 2018 16:59:38.22 [7556:9288:0518/165938.189:ERROR:in_progress_cache_impl.cc(189)] Cache is not initialized, cannot RetrieveEntry.
May 18, 2018 16:59:38.22 [7556:9288:0518/165938.189:ERROR:in_progress_cache_impl.cc(189)] Cache is not initialized, cannot RetrieveEntry.
May 18, 2018 16:59:38.22 [7556:9288:0518/165938.189:ERROR:in_progress_cache_impl.cc(189)] Cache is not initialized, cannot RetrieveEntry.
May 18, 2018 16:59:38.22 [7556:9288:0518/165938.189:ERROR:in_progress_cache_impl.cc(189)] Cache is not initialized, cannot RetrieveEntry.
May 18, 2018 16:59:38.22 [7556:9288:0518/165938.189:ERROR:in_progress_cache_impl.cc(189)] Cache is not initialized, cannot RetrieveEntry.
May 18, 2018 16:59:38.22 [7556:9288:0518/165938.189:ERROR:in_progress_cache_impl.cc(189)] Cache is not initialized, cannot RetrieveEntry.
May 18, 2018 16:59:38.22 [7556:9288:0518/165938.189:ERROR:in_progress_cache_impl.cc(189)] Cache is not initialized, cannot RetrieveEntry.
May 18, 2018 16:59:38.22 [7556:9288:0518/165938.189:ERROR:in_progress_cache_impl.cc(189)] Cache is not initialized, cannot RetrieveEntry.
May 18, 2018 16:59:38.22 [7556:9288:0518/165938.189:ERROR:in_progress_cache_impl.cc(189)] Cache is not initialized, cannot RetrieveEntry.
May 18, 2018 16:59:38.22 [7556:9288:0518/165938.189:ERROR:in_progress_cache_impl.cc(189)] Cache is not initialized, cannot RetrieveEntry.
May 18, 2018 16:59:38.22 [7556:9288:0518/165938.189:ERROR:in_progress_cache_impl.cc(189)] Cache is not initialized, cannot RetrieveEntry.
May 18, 2018 16:59:38.22 [7556:7640:0518/165938.190:ERROR:in_progress_cache_impl.cc(93)] Could not read download entries from file because there was a read failure.
May 18, 2018 17:04:42.27 [5664:9980:0518/170442.254:ERROR:in_progress_cache_impl.cc(93)] Could not read download entries from file because there was a read failure.
May 18, 2018 17:53:15.80 [8132:7616:0518/175315.737:ERROR:in_progress_cache_impl.cc(93)] Could not read download entries from file because there was a read failure.
May 18, 2018 17:53:15.87 [8132:8664:0518/175315.878:ERROR:in_progress_cache_impl.cc(189)] Cache is not initialized, cannot RetrieveEntry.
May 18, 2018 17:53:15.89 [8132:8664:0518/175315.878:ERROR:in_progress_cache_impl.cc(189)] Cache is not initialized, cannot RetrieveEntry.
May 18, 2018 17:53:15.89 [8132:8664:0518/175315.878:ERROR:in_progress_cache_impl.cc(189)] Cache is not initialized, cannot RetrieveEntry.
May 18, 2018 17:53:15.89 [8132:8664:0518/175315.878:ERROR:in_progress_cache_impl.cc(189)] Cache is not initialized, cannot RetrieveEntry.
May 18, 2018 17:53:15.89 [8132:8664:0518/175315.878:ERROR:in_progress_cache_impl.cc(189)] Cache is not initialized, cannot RetrieveEntry.
May 18, 2018 17:53:15.89 [8132:8664:0518/175315.878:ERROR:in_progress_cache_impl.cc(189)] Cache is not initialized, cannot RetrieveEntry.
May 18, 2018 17:53:15.89 [8132:8664:0518/175315.878:ERROR:in_progress_cache_impl.cc(189)] Cache is not initialized, cannot RetrieveEntry.
May 18, 2018 17:53:15.89 [8132:8664:0518/175315.878:ERROR:in_progress_cache_impl.cc(189)] Cache is not initialized, cannot RetrieveEntry.
May 18, 2018 17:53:15.90 [8132:8664:0518/175315.878:ERROR:in_progress_cache_impl.cc(189)] Cache is not initialized, cannot RetrieveEntry.
May 18, 2018 17:53:15.90 [8132:8664:0518/175315.878:ERROR:in_progress_cache_impl.cc(189)] Cache is not initialized, cannot RetrieveEntry.
May 18, 2018 17:53:15.90 [8132:8664:0518/175315.878:ERROR:in_progress_cache_impl.cc(189)] Cache is not initialized, cannot RetrieveEntry.
May 18, 2018 17:53:15.90 [8132:8664:0518/175315.878:ERROR:in_progress_cache_impl.cc(189)] Cache is not initialized, cannot RetrieveEntry.
May 18, 2018 17:53:15.90 [8132:8664:0518/175315.878:ERROR:in_progress_cache_impl.cc(189)] Cache is not initialized, cannot RetrieveEntry.
May 18, 2018 17:53:15.90 [8132:8664:0518/175315.878:ERROR:in_progress_cache_impl.cc(189)] Cache is not initialized, cannot RetrieveEntry.
May 18, 2018 17:53:15.90 [8132:8664:0518/175315.878:ERROR:in_progress_cache_impl.cc(189)] Cache is not initialized, cannot RetrieveEntry.
May 18, 2018 17:53:15.90 [8132:8664:0518/175315.878:ERROR:in_progress_cache_impl.cc(189)] Cache is not initialized, cannot RetrieveEntry.
May 18, 2018 17:53:15.90 [8132:8664:0518/175315.878:ERROR:in_progress_cache_impl.cc(189)] Cache is not initialized, cannot RetrieveEntry.
May 18, 2018 17:53:15.90 [8132:8664:0518/175315.878:ERROR:in_progress_cache_impl.cc(189)] Cache is not initialized, cannot RetrieveEntry.
May 18, 2018 17:53:15.90 [8132:8664:0518/175315.878:ERROR:in_progress_cache_impl.cc(189)] Cache is not initialized, cannot RetrieveEntry.
May 18, 2018 17:53:15.90 [8132:8664:0518/175315.878:ERROR:in_progress_cache_impl.cc(189)] Cache is not initialized, cannot RetrieveEntry.
May 18, 2018 17:53:15.90 [8132:8664:0518/175315.878:ERROR:in_progress_cache_impl.cc(189)] Cache is not initialized, cannot RetrieveEntry.
May 18, 2018 17:53:15.90 [8132:8664:0518/175315.878:ERROR:in_progress_cache_impl.cc(189)] Cache is not initialized, cannot RetrieveEntry.
May 18, 2018 17:53:15.90 [8132:8664:0518/175315.878:ERROR:in_progress_cache_impl.cc(189)] Cache is not initialized, cannot RetrieveEntry.
May 18, 2018 17:53:15.90 [8132:8664:0518/175315.878:ERROR:in_progress_cache_impl.cc(189)] Cache is not initialized, cannot RetrieveEntry.
May 18, 2018 17:53:15.90 [8132:8664:0518/175315.878:ERROR:in_progress_cache_impl.cc(189)] Cache is not initialized, cannot RetrieveEntry.
May 18, 2018 17:53:15.90 [8132:8664:0518/175315.878:ERROR:in_progress_cache_impl.cc(189)] Cache is not initialized, cannot RetrieveEntry.
May 18, 2018 17:53:15.90 [8132:8664:0518/175315.878:ERROR:in_progress_cache_impl.cc(189)] Cache is not initialized, cannot RetrieveEntry.
May 18, 2018 17:53:15.90 [8132:8664:0518/175315.878:ERROR:in_progress_cache_impl.cc(189)] Cache is not initialized, cannot RetrieveEntry.
May 18, 2018 17:53:15.91 [8132:8664:0518/175315.878:ERROR:in_progress_cache_impl.cc(189)] Cache is not initialized, cannot RetrieveEntry.
May 18, 2018 17:54:07.13 [9200:5912:0518/175407.138:ERROR:in_progress_cache_impl.cc(93)] Could not read download entries from file because there was a read failure.
May 18, 2018 17:54:07.32 [9200:3872:0518/175407.309:ERROR:in_progress_cache_impl.cc(189)] Cache is not initialized, cannot RetrieveEntry.
May 18, 2018 17:54:07.35 [9200:3872:0518/175407.309:ERROR:in_progress_cache_impl.cc(189)] Cache is not initialized, cannot RetrieveEntry.
May 18, 2018 17:54:07.35 [9200:3872:0518/175407.309:ERROR:in_progress_cache_impl.cc(189)] Cache is not initialized, cannot RetrieveEntry.
May 18, 2018 17:54:07.35 [9200:3872:0518/175407.309:ERROR:in_progress_cache_impl.cc(189)] Cache is not initialized, cannot RetrieveEntry.
May 18, 2018 17:54:07.35 [9200:3872:0518/175407.309:ERROR:in_progress_cache_impl.cc(189)] Cache is not initialized, cannot RetrieveEntry.
May 18, 2018 17:54:07.35 [9200:3872:0518/175407.309:ERROR:in_progress_cache_impl.cc(189)] Cache is not initialized, cannot RetrieveEntry.
May 18, 2018 17:54:07.35 [9200:3872:0518/175407.309:ERROR:in_progress_cache_impl.cc(189)] Cache is not initialized, cannot RetrieveEntry.
May 18, 2018 17:54:07.35 [9200:3872:0518/175407.309:ERROR:in_progress_cache_impl.cc(189)] Cache is not initialized, cannot RetrieveEntry.
May 18, 2018 17:54:07.35 [9200:3872:0518/175407.309:ERROR:in_progress_cache_impl.cc(189)] Cache is not initialized, cannot RetrieveEntry.
May 18, 2018 17:54:07.35 [9200:3872:0518/175407.309:ERROR:in_progress_cache_impl.cc(189)] Cache is not initialized, cannot RetrieveEntry.
May 18, 2018 17:54:07.35 [9200:3872:0518/175407.309:ERROR:in_progress_cache_impl.cc(189)] Cache is not initialized, cannot RetrieveEntry.
May 18, 2018 17:54:07.35 [9200:3872:0518/175407.309:ERROR:in_progress_cache_impl.cc(189)] Cache is not initialized, cannot RetrieveEntry.
May 18, 2018 17:54:07.36 [9200:3872:0518/175407.309:ERROR:in_progress_cache_impl.cc(189)] Cache is not initialized, cannot RetrieveEntry.
May 18, 2018 17:54:07.36 [9200:3872:0518/175407.309:ERROR:in_progress_cache_impl.cc(189)] Cache is not initialized, cannot RetrieveEntry.
May 18, 2018 17:54:07.36 [9200:3872:0518/175407.309:ERROR:in_progress_cache_impl.cc(189)] Cache is not initialized, cannot RetrieveEntry.
May 18, 2018 17:54:07.36 [9200:3872:0518/175407.309:ERROR:in_progress_cache_impl.cc(189)] Cache is not initialized, cannot RetrieveEntry.
May 18, 2018 17:54:07.36 [9200:3872:0518/175407.309:ERROR:in_progress_cache_impl.cc(189)] Cache is not initialized, cannot RetrieveEntry.
May 18, 2018 17:54:07.36 [9200:3872:0518/175407.309:ERROR:in_progress_cache_impl.cc(189)] Cache is not initialized, cannot RetrieveEntry.
May 18, 2018 17:54:07.36 [9200:3872:0518/175407.309:ERROR:in_progress_cache_impl.cc(189)] Cache is not initialized, cannot RetrieveEntry.
May 18, 2018 17:54:07.36 [9200:3872:0518/175407.309:ERROR:in_progress_cache_impl.cc(189)] Cache is not initialized, cannot RetrieveEntry.
May 18, 2018 17:54:07.36 [9200:3872:0518/175407.309:ERROR:in_progress_cache_impl.cc(189)] Cache is not initialized, cannot RetrieveEntry.
May 18, 2018 17:54:07.36 [9200:3872:0518/175407.309:ERROR:in_progress_cache_impl.cc(189)] Cache is not initialized, cannot RetrieveEntry.
May 18, 2018 17:54:07.36 [9200:3872:0518/175407.309:ERROR:in_progress_cache_impl.cc(189)] Cache is not initialized, cannot RetrieveEntry.
May 18, 2018 17:54:07.36 [9200:3872:0518/175407.309:ERROR:in_progress_cache_impl.cc(189)] Cache is not initialized, cannot RetrieveEntry.
May 18, 2018 17:54:07.36 [9200:3872:0518/175407.309:ERROR:in_progress_cache_impl.cc(189)] Cache is not initialized, cannot RetrieveEntry.
May 18, 2018 17:54:07.36 [9200:3872:0518/175407.309:ERROR:in_progress_cache_impl.cc(189)] Cache is not initialized, cannot RetrieveEntry.
May 18, 2018 17:54:07.36 [9200:3872:0518/175407.309:ERROR:in_progress_cache_impl.cc(189)] Cache is not initialized, cannot RetrieveEntry.
May 18, 2018 17:54:07.37 [9200:3872:0518/175407.309:ERROR:in_progress_cache_impl.cc(189)] Cache is not initialized, cannot RetrieveEntry.
May 18, 2018 17:54:07.37 [9200:3872:0518/175407.309:ERROR:in_progress_cache_impl.cc(189)] Cache is not initialized, cannot RetrieveEntry.

May 19, 2018 10:07:35.17 NEW SESSION
May 19, 2018 10:07:35.17 [3000:2984:0519/100735.069:ERROR:in_progress_cache_impl.cc(93)] Could not read download entries from file because there was a read failure.
May 19, 2018 10:07:35.20 [3000:5924:0519/100735.178:ERROR:in_progress_cache_impl.cc(189)] Cache is not initialized, cannot RetrieveEntry.
May 19, 2018 10:07:35.21 [3000:5924:0519/100735.178:ERROR:in_progress_cache_impl.cc(189)] Cache is not initialized, cannot RetrieveEntry.
May 19, 2018 10:07:35.21 [3000:5924:0519/100735.178:ERROR:in_progress_cache_impl.cc(189)] Cache is not initialized, cannot RetrieveEntry.
May 19, 2018 10:07:35.21 [3000:5924:0519/100735.178:ERROR:in_progress_cache_impl.cc(189)] Cache is not initialized, cannot RetrieveEntry.
May 19, 2018 10:07:35.21 [3000:5924:0519/100735.178:ERROR:in_progress_cache_impl.cc(189)] Cache is not initialized, cannot RetrieveEntry.
May 19, 2018 10:07:35.21 [3000:5924:0519/100735.178:ERROR:in_progress_cache_impl.cc(189)] Cache is not initialized, cannot RetrieveEntry.
May 19, 2018 10:07:35.21 [3000:5924:0519/100735.178:ERROR:in_progress_cache_impl.cc(189)] Cache is not initialized, cannot RetrieveEntry.
May 19, 2018 10:07:35.21 [3000:5924:0519/100735.178:ERROR:in_progress_cache_impl.cc(189)] Cache is not initialized, cannot RetrieveEntry.
May 19, 2018 10:07:35.21 [3000:5924:0519/100735.178:ERROR:in_progress_cache_impl.cc(189)] Cache is not initialized, cannot RetrieveEntry.
May 19, 2018 10:07:35.21 [3000:5924:0519/100735.178:ERROR:in_progress_cache_impl.cc(189)] Cache is not initialized, cannot RetrieveEntry.
May 19, 2018 10:07:35.21 [3000:5924:0519/100735.178:ERROR:in_progress_cache_impl.cc(189)] Cache is not initialized, cannot RetrieveEntry.
May 19, 2018 10:07:35.21 [3000:5924:0519/100735.178:ERROR:in_progress_cache_impl.cc(189)] Cache is not initialized, cannot RetrieveEntry.
May 19, 2018 10:07:35.21 [3000:5924:0519/100735.178:ERROR:in_progress_cache_impl.cc(189)] Cache is not initialized, cannot RetrieveEntry.
May 19, 2018 10:07:35.22 [3000:5924:0519/100735.178:ERROR:in_progress_cache_impl.cc(189)] Cache is not initialized, cannot RetrieveEntry.
May 19, 2018 10:07:35.22 [3000:5924:0519/100735.178:ERROR:in_progress_cache_impl.cc(189)] Cache is not initialized, cannot RetrieveEntry.
May 19, 2018 10:07:35.22 [3000:5924:0519/100735.178:ERROR:in_progress_cache_impl.cc(189)] Cache is not initialized, cannot RetrieveEntry.
May 19, 2018 10:07:35.22 [3000:5924:0519/100735.178:ERROR:in_progress_cache_impl.cc(189)] Cache is not initialized, cannot RetrieveEntry.
May 19, 2018 10:07:35.22 [3000:5924:0519/100735.178:ERROR:in_progress_cache_impl.cc(189)] Cache is not initialized, cannot RetrieveEntry.
May 19, 2018 10:07:35.22 [3000:5924:0519/100735.178:ERROR:in_progress_cache_impl.cc(189)] Cache is not initialized, cannot RetrieveEntry.
May 19, 2018 10:07:35.22 [3000:5924:0519/100735.178:ERROR:in_progress_cache_impl.cc(189)] Cache is not initialized, cannot RetrieveEntry.
May 19, 2018 10:07:35.22 [3000:5924:0519/100735.178:ERROR:in_progress_cache_impl.cc(189)] Cache is not initialized, cannot RetrieveEntry.
May 19, 2018 10:07:35.22 [3000:5924:0519/100735.178:ERROR:in_progress_cache_impl.cc(189)] Cache is not initialized, cannot RetrieveEntry.
May 19, 2018 10:07:35.22 [3000:5924:0519/100735.178:ERROR:in_progress_cache_impl.cc(189)] Cache is not initialized, cannot RetrieveEntry.
May 19, 2018 10:07:35.22 [3000:5924:0519/100735.178:ERROR:in_progress_cache_impl.cc(189)] Cache is not initialized, cannot RetrieveEntry.
May 19, 2018 10:07:35.22 [3000:5924:0519/100735.178:ERROR:in_progress_cache_impl.cc(189)] Cache is not initialized, cannot RetrieveEntry.
May 19, 2018 10:07:35.22 [3000:5924:0519/100735.178:ERROR:in_progress_cache_impl.cc(189)] Cache is not initialized, cannot RetrieveEntry.
May 19, 2018 10:07:35.22 [3000:5924:0519/100735.178:ERROR:in_progress_cache_impl.cc(189)] Cache is not initialized, cannot RetrieveEntry.
May 19, 2018 10:07:35.22 [3000:5924:0519/100735.178:ERROR:in_progress_cache_impl.cc(189)] Cache is not initialized, cannot RetrieveEntry.
May 19, 2018 10:07:35.22 [3000:5924:0519/100735.178:ERROR:in_progress_cache_impl.cc(189)] Cache is not initialized, cannot RetrieveEntry.
May 19, 2018 10:11:26.13 [5768:1868:0519/101126.130:ERROR:in_progress_cache_impl.cc(93)] Could not read download entries from file because there was a read failure.
May 19, 2018 13:00:30.89 [4848:7244:0519/130030.813:ERROR:in_progress_cache_impl.cc(189)] Cache is not initialized, cannot RetrieveEntry.
May 19, 2018 13:00:30.91 [4848:7244:0519/130030.813:ERROR:in_progress_cache_impl.cc(189)] Cache is not initialized, cannot RetrieveEntry.
May 19, 2018 13:00:30.91 [4848:7244:0519/130030.813:ERROR:in_progress_cache_impl.cc(189)] Cache is not initialized, cannot RetrieveEntry.
May 19, 2018 13:00:30.91 [4848:7244:0519/130030.813:ERROR:in_progress_cache_impl.cc(189)] Cache is not initialized, cannot RetrieveEntry.
May 19, 2018 13:00:30.91 [4848:7244:0519/130030.813:ERROR:in_progress_cache_impl.cc(189)] Cache is not initialized, cannot RetrieveEntry.
May 19, 2018 13:00:30.92 [4848:7244:0519/130030.813:ERROR:in_progress_cache_impl.cc(189)] Cache is not initialized, cannot RetrieveEntry.
May 19, 2018 13:00:30.92 [4848:7244:0519/130030.813:ERROR:in_progress_cache_impl.cc(189)] Cache is not initialized, cannot RetrieveEntry.
May 19, 2018 13:00:30.92 [4848:7244:0519/130030.813:ERROR:in_progress_cache_impl.cc(189)] Cache is not initialized, cannot RetrieveEntry.
May 19, 2018 13:00:30.92 [4848:7244:0519/130030.813:ERROR:in_progress_cache_impl.cc(189)] Cache is not initialized, cannot RetrieveEntry.
May 19, 2018 13:00:30.92 [4848:7244:0519/130030.813:ERROR:in_progress_cache_impl.cc(189)] Cache is not initialized, cannot RetrieveEntry.
May 19, 2018 13:00:30.92 [4848:7244:0519/130030.813:ERROR:in_progress_cache_impl.cc(189)] Cache is not initialized, cannot RetrieveEntry.
May 19, 2018 13:00:30.92 [4848:7244:0519/130030.813:ERROR:in_progress_cache_impl.cc(189)] Cache is not initialized, cannot RetrieveEntry.
May 19, 2018 13:00:30.92 [4848:7244:0519/130030.813:ERROR:in_progress_cache_impl.cc(189)] Cache is not initialized, cannot RetrieveEntry.
May 19, 2018 13:00:30.92 [4848:7244:0519/130030.813:ERROR:in_progress_cache_impl.cc(189)] Cache is not initialized, cannot RetrieveEntry.
May 19, 2018 13:00:30.92 [4848:7244:0519/130030.813:ERROR:in_progress_cache_impl.cc(189)] Cache is not initialized, cannot RetrieveEntry.
May 19, 2018 13:00:30.92 [4848:7244:0519/130030.813:ERROR:in_progress_cache_impl.cc(189)] Cache is not initialized, cannot RetrieveEntry.
May 19, 2018 13:00:30.92 [4848:7244:0519/130030.813:ERROR:in_progress_cache_impl.cc(189)] Cache is not initialized, cannot RetrieveEntry.
May 19, 2018 13:00:30.92 [4848:7244:0519/130030.813:ERROR:in_progress_cache_impl.cc(189)] Cache is not initialized, cannot RetrieveEntry.
May 19, 2018 13:00:30.92 [4848:7244:0519/130030.813:ERROR:in_progress_cache_impl.cc(189)] Cache is not initialized, cannot RetrieveEntry.
May 19, 2018 13:00:30.92 [4848:7244:0519/130030.813:ERROR:in_progress_cache_impl.cc(189)] Cache is not initialized, cannot RetrieveEntry.
May 19, 2018 13:00:30.92 [4848:7244:0519/130030.813:ERROR:in_progress_cache_impl.cc(189)] Cache is not initialized, cannot RetrieveEntry.
May 19, 2018 13:00:30.92 [4848:7244:0519/130030.813:ERROR:in_progress_cache_impl.cc(189)] Cache is not initialized, cannot RetrieveEntry.
May 19, 2018 13:00:30.93 [4848:7244:0519/130030.813:ERROR:in_progress_cache_impl.cc(189)] Cache is not initialized, cannot RetrieveEntry.
May 19, 2018 13:00:30.93 [4848:7244:0519/130030.813:ERROR:in_progress_cache_impl.cc(189)] Cache is not initialized, cannot RetrieveEntry.
May 19, 2018 13:00:30.93 [4848:7244:0519/130030.813:ERROR:in_progress_cache_impl.cc(189)] Cache is not initialized, cannot RetrieveEntry.
May 19, 2018 13:00:30.93 [4848:7244:0519/130030.813:ERROR:in_progress_cache_impl.cc(189)] Cache is not initialized, cannot RetrieveEntry.
May 19, 2018 13:00:30.93 [4848:7244:0519/130030.813:ERROR:in_progress_cache_impl.cc(189)] Cache is not initialized, cannot RetrieveEntry.
May 19, 2018 13:00:30.93 [4848:7244:0519/130030.813:ERROR:in_progress_cache_impl.cc(189)] Cache is not initialized, cannot RetrieveEntry.
May 19, 2018 13:00:30.93 [4848:7244:0519/130030.813:ERROR:in_progress_cache_impl.cc(189)] Cache is not initialized, cannot RetrieveEntry.
May 19, 2018 13:00:30.93 [4848:8468:0519/130030.880:ERROR:in_progress_cache_impl.cc(93)] Could not read download entries from file because there was a read failure.
May 19, 2018 13:01:18.18 [8040:3312:0519/130118.185:ERROR:in_progress_cache_impl.cc(93)] Could not read download entries from file because there was a read failure.
May 19, 2018 13:01:32.00 [7332:9124:0519/130131.992:ERROR:in_progress_cache_impl.cc(93)] Could not read download entries from file because there was a read failure.
May 19, 2018 14:12:51.61 [3344:4404:0519/141251.598:ERROR:in_progress_cache_impl.cc(93)] Could not read download entries from file because there was a read failure.

May 21, 2018 17:54:36.75 NEW SESSION
May 21, 2018 17:54:36.76 [5012:10208:0521/175436.422:ERROR:in_progress_cache_impl.cc(93)] Could not read download entries from file because there was a read failure.

May 23, 2018 08:38:48.14 NEW SESSION
May 23, 2018 08:38:48.14 [8752:7140:0523/083848.118:ERROR:in_progress_cache_impl.cc(93)] Could not read download entries from file because there was a read failure.
May 23, 2018 08:39:53.22 [9964:6832:0523/083953.157:ERROR:in_progress_cache_impl.cc(93)] Could not read download entries from file because there was a read failure.
May 23, 2018 08:39:53.26 [9964:7564:0523/083953.251:ERROR:in_progress_cache_impl.cc(189)] Cache is not initialized, cannot RetrieveEntry.
May 23, 2018 08:39:53.26 [9964:7564:0523/083953.251:ERROR:in_progress_cache_impl.cc(189)] Cache is not initialized, cannot RetrieveEntry.
May 23, 2018 08:39:53.26 [9964:7564:0523/083953.251:ERROR:in_progress_cache_impl.cc(189)] Cache is not initialized, cannot RetrieveEntry.
May 23, 2018 08:39:53.26 [9964:7564:0523/083953.251:ERROR:in_progress_cache_impl.cc(189)] Cache is not initialized, cannot RetrieveEntry.
May 23, 2018 08:39:53.26 [9964:7564:0523/083953.251:ERROR:in_progress_cache_impl.cc(189)] Cache is not initialized, cannot RetrieveEntry.
May 23, 2018 08:39:53.26 [9964:7564:0523/083953.251:ERROR:in_progress_cache_impl.cc(189)] Cache is not initialized, cannot RetrieveEntry.
May 23, 2018 08:39:53.26 [9964:7564:0523/083953.251:ERROR:in_progress_cache_impl.cc(189)] Cache is not initialized, cannot RetrieveEntry.
May 23, 2018 08:39:53.26 [9964:7564:0523/083953.251:ERROR:in_progress_cache_impl.cc(189)] Cache is not initialized, cannot RetrieveEntry.
May 23, 2018 08:39:53.26 [9964:7564:0523/083953.251:ERROR:in_progress_cache_impl.cc(189)] Cache is not initialized, cannot RetrieveEntry.
May 23, 2018 08:39:53.26 [9964:7564:0523/083953.251:ERROR:in_progress_cache_impl.cc(189)] Cache is not initialized, cannot RetrieveEntry.
May 23, 2018 08:39:53.26 [9964:7564:0523/083953.251:ERROR:in_progress_cache_impl.cc(189)] Cache is not initialized, cannot RetrieveEntry.
May 23, 2018 08:39:53.26 [9964:7564:0523/083953.251:ERROR:in_progress_cache_impl.cc(189)] Cache is not initialized, cannot RetrieveEntry.
May 23, 2018 08:39:53.26 [9964:7564:0523/083953.251:ERROR:in_progress_cache_impl.cc(189)] Cache is not initialized, cannot RetrieveEntry.
May 23, 2018 08:39:53.26 [9964:7564:0523/083953.251:ERROR:in_progress_cache_impl.cc(189)] Cache is not initialized, cannot RetrieveEntry.
May 23, 2018 08:39:53.26 [9964:7564:0523/083953.251:ERROR:in_progress_cache_impl.cc(189)] Cache is not initialized, cannot RetrieveEntry.
May 23, 2018 08:39:53.26 [9964:7564:0523/083953.251:ERROR:in_progress_cache_impl.cc(189)] Cache is not initialized, cannot RetrieveEntry.
May 23, 2018 08:39:53.26 [9964:7564:0523/083953.251:ERROR:in_progress_cache_impl.cc(189)] Cache is not initialized, cannot RetrieveEntry.
May 23, 2018 08:39:53.26 [9964:7564:0523/083953.251:ERROR:in_progress_cache_impl.cc(189)] Cache is not initialized, cannot RetrieveEntry.
May 23, 2018 08:39:53.26 [9964:7564:0523/083953.251:ERROR:in_progress_cache_impl.cc(189)] Cache is not initialized, cannot RetrieveEntry.
May 23, 2018 08:39:53.26 [9964:7564:0523/083953.251:ERROR:in_progress_cache_impl.cc(189)] Cache is not initialized, cannot RetrieveEntry.
May 23, 2018 08:39:53.26 [9964:7564:0523/083953.251:ERROR:in_progress_cache_impl.cc(189)] Cache is not initialized, cannot RetrieveEntry.
May 23, 2018 08:39:53.26 [9964:7564:0523/083953.251:ERROR:in_progress_cache_impl.cc(189)] Cache is not initialized, cannot RetrieveEntry.
May 23, 2018 08:39:53.26 [9964:7564:0523/083953.251:ERROR:in_progress_cache_impl.cc(189)] Cache is not initialized, cannot RetrieveEntry.
May 23, 2018 08:39:53.26 [9964:7564:0523/083953.251:ERROR:in_progress_cache_impl.cc(189)] Cache is not initialized, cannot RetrieveEntry.
May 23, 2018 08:39:53.26 [9964:7564:0523/083953.251:ERROR:in_progress_cache_impl.cc(189)] Cache is not initialized, cannot RetrieveEntry.
May 23, 2018 08:39:53.26 [9964:7564:0523/083953.251:ERROR:in_progress_cache_impl.cc(189)] Cache is not initialized, cannot RetrieveEntry.
May 23, 2018 08:39:53.27 [9964:7564:0523/083953.251:ERROR:in_progress_cache_impl.cc(189)] Cache is not initialized, cannot RetrieveEntry.
May 23, 2018 08:39:53.27 [9964:7564:0523/083953.251:ERROR:in_progress_cache_impl.cc(189)] Cache is not initialized, cannot RetrieveEntry.
May 23, 2018 08:39:53.27 [9964:7564:0523/083953.251:ERROR:in_progress_cache_impl.cc(189)] Cache is not initialized, cannot RetrieveEntry.
May 23, 2018 08:49:22.72 [8960:7280:0523/084922.724:ERROR:in_progress_cache_impl.cc(93)] Could not read download entries from file because there was a read failure.
May 23, 2018 08:52:03.78 [4784:7316:0523/085203.773:ERROR:in_progress_cache_impl.cc(93)] Could not read download entries from file because there was a read failure.
May 23, 2018 08:53:34.40 [3612:9624:0523/085334.343:ERROR:in_progress_cache_impl.cc(93)] Could not read download entries from file because there was a read failure.
May 23, 2018 09:05:54.87 [8532:2624:0523/090554.845:ERROR:in_progress_cache_impl.cc(93)] Could not read download entries from file because there was a read failure.
May 23, 2018 09:07:52.41 [9196:6328:0523/090752.399:ERROR:in_progress_cache_impl.cc(93)] Could not read download entries from file because there was a read failure.
May 23, 2018 09:13:19.85 [5388:8244:0523/091319.826:ERROR:in_progress_cache_impl.cc(93)] Could not read download entries from file because there was a read failure.
May 23, 2018 09:18:14.75 [220:7632:0523/091814.752:ERROR:in_progress_cache_impl.cc(93)] Could not read download entries from file because there was a read failure.

May 24, 2018 08:43:44.29 NEW SESSION
May 24, 2018 08:43:44.30 [6972:5168:0524/084344.161:ERROR:in_progress_cache_impl.cc(93)] Could not read download entries from file because there was a read failure.
May 24, 2018 08:43:44.30 [6972:4628:0524/084344.281:ERROR:in_progress_cache_impl.cc(189)] Cache is not initialized, cannot RetrieveEntry.
May 24, 2018 08:43:44.30 [6972:4628:0524/084344.281:ERROR:in_progress_cache_impl.cc(189)] Cache is not initialized, cannot RetrieveEntry.
May 24, 2018 08:43:44.30 [6972:4628:0524/084344.281:ERROR:in_progress_cache_impl.cc(189)] Cache is not initialized, cannot RetrieveEntry.
May 24, 2018 08:43:44.30 [6972:4628:0524/084344.281:ERROR:in_progress_cache_impl.cc(189)] Cache is not initialized, cannot RetrieveEntry.
May 24, 2018 08:43:44.30 [6972:4628:0524/084344.281:ERROR:in_progress_cache_impl.cc(189)] Cache is not initialized, cannot RetrieveEntry.
May 24, 2018 08:43:44.30 [6972:4628:0524/084344.281:ERROR:in_progress_cache_impl.cc(189)] Cache is not initialized, cannot RetrieveEntry.
May 24, 2018 08:43:44.30 [6972:4628:0524/084344.281:ERROR:in_progress_cache_impl.cc(189)] Cache is not initialized, cannot RetrieveEntry.
May 24, 2018 08:43:44.30 [6972:4628:0524/084344.281:ERROR:in_progress_cache_impl.cc(189)] Cache is not initialized, cannot RetrieveEntry.
May 24, 2018 08:43:44.30 [6972:4628:0524/084344.281:ERROR:in_progress_cache_impl.cc(189)] Cache is not initialized, cannot RetrieveEntry.
May 24, 2018 08:43:44.31 [6972:4628:0524/084344.281:ERROR:in_progress_cache_impl.cc(189)] Cache is not initialized, cannot RetrieveEntry.
May 24, 2018 08:43:44.31 [6972:4628:0524/084344.281:ERROR:in_progress_cache_impl.cc(189)] Cache is not initialized, cannot RetrieveEntry.
May 24, 2018 08:43:44.31 [6972:4628:0524/084344.281:ERROR:in_progress_cache_impl.cc(189)] Cache is not initialized, cannot RetrieveEntry.
May 24, 2018 08:43:44.31 [6972:4628:0524/084344.281:ERROR:in_progress_cache_impl.cc(189)] Cache is not initialized, cannot RetrieveEntry.
May 24, 2018 08:43:44.31 [6972:4628:0524/084344.281:ERROR:in_progress_cache_impl.cc(189)] Cache is not initialized, cannot RetrieveEntry.
May 24, 2018 08:43:44.31 [6972:4628:0524/084344.281:ERROR:in_progress_cache_impl.cc(189)] Cache is not initialized, cannot RetrieveEntry.
May 24, 2018 08:43:44.31 [6972:4628:0524/084344.281:ERROR:in_progress_cache_impl.cc(189)] Cache is not initialized, cannot RetrieveEntry.
May 24, 2018 08:43:44.31 [6972:4628:0524/084344.281:ERROR:in_progress_cache_impl.cc(189)] Cache is not initialized, cannot RetrieveEntry.
May 24, 2018 08:43:44.31 [6972:4628:0524/084344.281:ERROR:in_progress_cache_impl.cc(189)] Cache is not initialized, cannot RetrieveEntry.
May 24, 2018 08:43:44.31 [6972:4628:0524/084344.281:ERROR:in_progress_cache_impl.cc(189)] Cache is not initialized, cannot RetrieveEntry.
May 24, 2018 08:43:44.31 [6972:4628:0524/084344.282:ERROR:in_progress_cache_impl.cc(189)] Cache is not initialized, cannot RetrieveEntry.
May 24, 2018 08:43:44.31 [6972:4628:0524/084344.282:ERROR:in_progress_cache_impl.cc(189)] Cache is not initialized, cannot RetrieveEntry.
May 24, 2018 08:43:44.31 [6972:4628:0524/084344.282:ERROR:in_progress_cache_impl.cc(189)] Cache is not initialized, cannot RetrieveEntry.
May 24, 2018 08:43:44.31 [6972:4628:0524/084344.282:ERROR:in_progress_cache_impl.cc(189)] Cache is not initialized, cannot RetrieveEntry.
May 24, 2018 08:43:44.31 [6972:4628:0524/084344.282:ERROR:in_progress_cache_impl.cc(189)] Cache is not initialized, cannot RetrieveEntry.
May 24, 2018 08:43:44.31 [6972:4628:0524/084344.282:ERROR:in_progress_cache_impl.cc(189)] Cache is not initialized, cannot RetrieveEntry.
May 24, 2018 08:43:44.32 [6972:4628:0524/084344.282:ERROR:in_progress_cache_impl.cc(189)] Cache is not initialized, cannot RetrieveEntry.
May 24, 2018 08:43:44.32 [6972:4628:0524/084344.282:ERROR:in_progress_cache_impl.cc(189)] Cache is not initialized, cannot RetrieveEntry.
May 24, 2018 08:43:44.32 [6972:4628:0524/084344.282:ERROR:in_progress_cache_impl.cc(189)] Cache is not initialized, cannot RetrieveEntry.
May 24, 2018 08:43:44.32 [6972:4628:0524/084344.282:ERROR:in_progress_cache_impl.cc(189)] Cache is not initialized, cannot RetrieveEntry.
May 24, 2018 08:43:44.32 [6972:4628:0524/084344.282:ERROR:in_progress_cache_impl.cc(189)] Cache is not initialized, cannot RetrieveEntry.

Jun 05, 2018 13:10:47.36 NEW SESSION
Jun 05, 2018 13:10:47.36 [6304:1472:0605/131047.346:ERROR:install_util.cc(589)] Unable to create registry key HKLM\SOFTWARE\Policies\Google\Chrome for reading result=2
Jun 05, 2018 13:11:18.47 [5744:6332:0605/131118.477:ERROR:install_util.cc(589)] Unable to create registry key HKLM\SOFTWARE\Policies\Google\Chrome for reading result=2
Jun 05, 2018 13:12:55.04 [1204:5632:0605/131255.047:ERROR:install_util.cc(589)] Unable to create registry key HKLM\SOFTWARE\Policies\Google\Chrome for reading result=2
Jun 05, 2018 13:12:55.23 [1204:5632:0605/131255.234:ERROR:in_progress_cache_impl.cc(188)] Cache is not initialized, cannot RetrieveEntry.
Jun 05, 2018 13:12:55.23 [1204:5632:0605/131255.234:ERROR:in_progress_cache_impl.cc(188)] Cache is not initialized, cannot RetrieveEntry.
Jun 05, 2018 13:12:55.23 [1204:5632:0605/131255.234:ERROR:in_progress_cache_impl.cc(188)] Cache is not initialized, cannot RetrieveEntry.
Jun 05, 2018 13:12:55.23 [1204:5632:0605/131255.234:ERROR:in_progress_cache_impl.cc(188)] Cache is not initialized, cannot RetrieveEntry.
Jun 05, 2018 13:12:55.23 [1204:5632:0605/131255.234:ERROR:in_progress_cache_impl.cc(188)] Cache is not initialized, cannot RetrieveEntry.
Jun 05, 2018 13:12:55.23 [1204:5632:0605/131255.234:ERROR:in_progress_cache_impl.cc(188)] Cache is not initialized, cannot RetrieveEntry.
Jun 05, 2018 13:12:55.23 [1204:5632:0605/131255.234:ERROR:in_progress_cache_impl.cc(188)] Cache is not initialized, cannot RetrieveEntry.
Jun 05, 2018 13:12:55.23 [1204:5632:0605/131255.234:ERROR:in_progress_cache_impl.cc(188)] Cache is not initialized, cannot RetrieveEntry.
Jun 05, 2018 13:12:55.23 [1204:5632:0605/131255.234:ERROR:in_progress_cache_impl.cc(188)] Cache is not initialized, cannot RetrieveEntry.
Jun 05, 2018 13:12:55.23 [1204:5632:0605/131255.234:ERROR:in_progress_cache_impl.cc(188)] Cache is not initialized, cannot RetrieveEntry.
Jun 05, 2018 13:12:55.23 [1204:5632:0605/131255.234:ERROR:in_progress_cache_impl.cc(188)] Cache is not initialized, cannot RetrieveEntry.
Jun 05, 2018 13:12:55.23 [1204:5632:0605/131255.234:ERROR:in_progress_cache_impl.cc(188)] Cache is not initialized, cannot RetrieveEntry.
Jun 05, 2018 13:12:55.23 [1204:5632:0605/131255.234:ERROR:in_progress_cache_impl.cc(188)] Cache is not initialized, cannot RetrieveEntry.
Jun 05, 2018 13:12:55.23 [1204:5632:0605/131255.234:ERROR:in_progress_cache_impl.cc(188)] Cache is not initialized, cannot RetrieveEntry.
Jun 05, 2018 13:12:55.23 [1204:5632:0605/131255.234:ERROR:in_progress_cache_impl.cc(188)] Cache is not initialized, cannot RetrieveEntry.
Jun 05, 2018 13:12:55.23 [1204:5632:0605/131255.234:ERROR:in_progress_cache_impl.cc(188)] Cache is not initialized, cannot RetrieveEntry.
Jun 05, 2018 13:12:55.23 [1204:5632:0605/131255.234:ERROR:in_progress_cache_impl.cc(188)] Cache is not initialized, cannot RetrieveEntry.
Jun 05, 2018 13:12:55.23 [1204:5632:0605/131255.234:ERROR:in_progress_cache_impl.cc(188)] Cache is not initialized, cannot RetrieveEntry.
Jun 05, 2018 13:12:55.23 [1204:5632:0605/131255.234:ERROR:in_progress_cache_impl.cc(188)] Cache is not initialized, cannot RetrieveEntry.
Jun 05, 2018 13:12:55.23 [1204:5632:0605/131255.234:ERROR:in_progress_cache_impl.cc(188)] Cache is not initialized, cannot RetrieveEntry.
Jun 05, 2018 13:12:55.23 [1204:5632:0605/131255.234:ERROR:in_progress_cache_impl.cc(188)] Cache is not initialized, cannot RetrieveEntry.
Jun 05, 2018 13:12:55.23 [1204:5632:0605/131255.234:ERROR:in_progress_cache_impl.cc(188)] Cache is not initialized, cannot RetrieveEntry.
Jun 05, 2018 13:12:55.23 [1204:5632:0605/131255.234:ERROR:in_progress_cache_impl.cc(188)] Cache is not initialized, cannot RetrieveEntry.
Jun 05, 2018 13:12:55.23 [1204:5632:0605/131255.234:ERROR:in_progress_cache_impl.cc(188)] Cache is not initialized, cannot RetrieveEntry.
Jun 05, 2018 13:12:55.23 [1204:5632:0605/131255.234:ERROR:in_progress_cache_impl.cc(188)] Cache is not initialized, cannot RetrieveEntry.
Jun 05, 2018 13:12:55.23 [1204:5632:0605/131255.234:ERROR:in_progress_cache_impl.cc(188)] Cache is not initialized, cannot RetrieveEntry.
Jun 05, 2018 13:12:55.23 [1204:5632:0605/131255.234:ERROR:in_progress_cache_impl.cc(188)] Cache is not initialized, cannot RetrieveEntry.
Jun 05, 2018 13:12:55.23 [1204:5632:0605/131255.234:ERROR:in_progress_cache_impl.cc(188)] Cache is not initialized, cannot RetrieveEntry.
Jun 05, 2018 13:12:55.23 [1204:5632:0605/131255.234:ERROR:in_progress_cache_impl.cc(188)] Cache is not initialized, cannot RetrieveEntry.
Jun 05, 2018 13:12:55.23 [1204:5632:0605/131255.234:ERROR:in_progress_cache_impl.cc(188)] Cache is not initialized, cannot RetrieveEntry.
Jun 05, 2018 13:12:55.23 [1204:5632:0605/131255.234:ERROR:in_progress_cache_impl.cc(188)] Cache is not initialized, cannot RetrieveEntry.
Jun 05, 2018 13:12:55.23 [1204:5632:0605/131255.234:ERROR:in_progress_cache_impl.cc(188)] Cache is not initialized, cannot RetrieveEntry.
Jun 05, 2018 13:12:55.23 [1204:5632:0605/131255.234:ERROR:in_progress_cache_impl.cc(188)] Cache is not initialized, cannot RetrieveEntry.
Jun 05, 2018 13:12:55.23 [1204:5632:0605/131255.234:ERROR:in_progress_cache_impl.cc(188)] Cache is not initialized, cannot RetrieveEntry.
Jun 05, 2018 13:12:55.23 [1204:5632:0605/131255.234:ERROR:in_progress_cache_impl.cc(188)] Cache is not initialized, cannot RetrieveEntry.
Jun 05, 2018 14:32:10.44 [6720:5708:0605/143210.443:ERROR:install_util.cc(589)] Unable to create registry key HKLM\SOFTWARE\Policies\Google\Chrome for reading result=2
Jun 05, 2018 14:33:09.29 [3288:5708:0605/143309.297:ERROR:install_util.cc(589)] Unable to create registry key HKLM\SOFTWARE\Policies\Google\Chrome for reading result=2
Jun 05, 2018 17:49:13.22 Unable to read VR Path Registry from C:\Users\shravas\AppData\Local\openvr\openvrpaths.vrpath
